This is e-pTeX, Version 3.14159265-p3.7-160201-2.6 (utf8.euc) (TeX Live 2016) (preloaded format=platex 2017.4.10)  14 JAN 2018 18:07
entering extended mode
 restricted \write18 enabled.
 file:line:error style messages enabled.
 %&-line parsing enabled.
**sebyoushi.tex
(./sebyoushi.tex
pLaTeX2e <2016/11/29> (based on LaTeX2e <2017/01/01> patch level 3)
Babel <3.9r> and hyphenation patterns for 83 language(s) loaded.
(/usr/local/texlive/2016/texmf-dist/tex/platex/base/tbook.cls
Document Class: tbook 2016/11/22 v1.7b Standard pLaTeX class
\c@@paper=\count82
(/usr/local/texlive/2016/texmf-dist/tex/platex/base/tbk11.clo
File: tbk11.clo 2016/11/22 v1.7b Standard pLaTeX file (size option)
)
(/usr/local/texlive/2016/texmf-dist/tex/platex/base/plext.sty
Package: plext 2016/11/19 v1.2c pLaTeX package file (community edition)
\@floatbox=\box41
\floatwidth=\dimen118
\floatheight=\dimen119
\floatruletick=\dimen120
\captionfloatsep=\dimen121
\captionwidth=\dimen122
\@captionbox=\box42
\save@ybaselineshift=\dimen123
\save@tbaselineshift=\dimen124
\@picwd=\dimen125
\rensujiskip=\skip41
)
\c@part=\count83
\c@chapter=\count84
\c@section=\count85
\c@subsection=\count86
\c@subsubsection=\count87
\c@paragraph=\count88
\c@subparagraph=\count89
\c@figure=\count90
\c@table=\count91
\abovecaptionskip=\skip42
\belowcaptionskip=\skip43
\symmincho=\mathgroup4
LaTeX Font Info:    Overwriting symbol font `mincho' in version `bold'
(Font)                  JY1/mc/m/n --> JY1/gt/m/n on input line 660.
\toclineskip=\dimen126
\@lnumwidth=\dimen127
\bibindent=\dimen128
\heisei=\count92
)
No file sebyoushi.aux.
\openout1 = `sebyoushi.aux'.

LaTeX Font Info:    Checking defaults for OML/cmm/m/it on input line 6.
LaTeX Font Info:    ... okay on input line 6.
LaTeX Font Info:    Checking defaults for T1/cmr/m/n on input line 6.
LaTeX Font Info:    ... okay on input line 6.
LaTeX Font Info:    Checking defaults for OT1/cmr/m/n on input line 6.
LaTeX Font Info:    ... okay on input line 6.
LaTeX Font Info:    Checking defaults for OMS/cmsy/m/n on input line 6.
LaTeX Font Info:    ... okay on input line 6.
LaTeX Font Info:    Checking defaults for OMX/cmex/m/n on input line 6.
LaTeX Font Info:    ... okay on input line 6.
LaTeX Font Info:    Checking defaults for U/cmr/m/n on input line 6.
LaTeX Font Info:    ... okay on input line 6.
LaTeX Font Info:    Checking defaults for JY1/mc/m/n on input line 6.
LaTeX Font Info:    ... okay on input line 6.
LaTeX Font Info:    Checking defaults for JT1/mc/m/n on input line 6.
LaTeX Font Info:    ... okay on input line 6.
《縦組モード》
LaTeX Font Info:    External font `cmex10' loaded for size
(Font)              <12> on input line 18.
LaTeX Font Info:    External font `cmex10' loaded for size
(Font)              <8> on input line 18.
LaTeX Font Info:    External font `cmex10' loaded for size
(Font)              <6> on input line 18.

Overfull \hbox (2.27783pt too wide) in paragraph at lines 18--19
[]$[]$\OT1/cmr/m/n/12 He 
 []


Overfull \hbox (2.27783pt too wide) in paragraph at lines 22--23
[]$[]$\OT1/cmr/m/n/12 He 
 []


Overfull \hbox (3.21397pt too wide) in paragraph at lines 26--27
[]\OT1/cmr/m/n/12 25 
 []


Overfull \hbox (2.27783pt too wide) in paragraph at lines 35--36
[]$[]$\OT1/cmr/m/n/12 He 
 []


Overfull \hbox (2.27783pt too wide) in paragraph at lines 39--40
[]$[]$\OT1/cmr/m/n/12 He 
 []


Overfull \hbox (3.21397pt too wide) in paragraph at lines 43--44
[]\OT1/cmr/m/n/12 25 
 []


Overfull \hbox (2.27783pt too wide) in paragraph at lines 52--53
[]$[]$\OT1/cmr/m/n/12 He 
 []


Overfull \hbox (2.27783pt too wide) in paragraph at lines 56--57
[]$[]$\OT1/cmr/m/n/12 He 
 []


Overfull \hbox (3.21397pt too wide) in paragraph at lines 60--61
[]\OT1/cmr/m/n/12 25 
 []


Overfull \hbox (2.27783pt too wide) in paragraph at lines 69--70
[]$[]$\OT1/cmr/m/n/12 He 
 []


Overfull \hbox (2.27783pt too wide) in paragraph at lines 73--74
[]$[]$\OT1/cmr/m/n/12 He 
 []


Overfull \hbox (3.21397pt too wide) in paragraph at lines 77--78
[]\OT1/cmr/m/n/12 25 
 []


Overfull \hbox (2.27783pt too wide) in paragraph at lines 86--87
[]$[]$\OT1/cmr/m/n/12 He 
 []


Overfull \hbox (2.27783pt too wide) in paragraph at lines 90--91
[]$[]$\OT1/cmr/m/n/12 He 
 []


Overfull \hbox (3.21397pt too wide) in paragraph at lines 94--95
[]\OT1/cmr/m/n/12 25 
 []

[1

] (./sebyoushi.aux) )
(\end occurred inside a group at level 1)

### simple group (level 1) entered at line 16 ({)
### bottom level 
Here is how much of TeX's memory you used:
 383 strings out of 493683
 4100 string characters out of 6149653
 64000 words of memory out of 5000000
 4025 multiletter control sequences out of 15000+600000
 11558 words of font info for 45 fonts, out of 8000000 for 9000
 929 hyphenation exceptions out of 8191
 22i,4n,19p,132b,237s stack positions out of 5000i,500n,10000p,200000b,80000s

Output written on sebyoushi.dvi (1 page, 1396 bytes).
