This is e-upTeX, Version 3.1415926-p3.4-u1.11-110825-2.6 (utf8.uptex) (TeX Live 2013) (format=uplatex 2014.6.3)  14 SEP 2015 18:42
entering extended mode
 restricted \write18 enabled.
 file:line:error style messages enabled.
 %&-line parsing enabled.
**chap1
(./chap1.tex
pLaTeX2e <2011/05/07u00>+0 (based on LaTeX2e <2011/06/27> patch level 0)
Babel <3.9f> and hyphenation patterns for 78 languages loaded.
./chap1.tex:1: Undefined control sequence.
l.1 \chapter
            {序論}
? 
./chap1.tex:1: Emergency stop.
l.1 \chapter
            {序論}
End of file on the terminal!

 
Here is how much of TeX's memory you used:
 4 strings out of 494001
 34 string characters out of 6154442
 53194 words of memory out of 5000000
 3564 multiletter control sequences out of 15000+600000
 5975 words of font info for 31 fonts, out of 8000000 for 9000
 745 hyphenation exceptions out of 8191
 5i,0n,1p,24b,8s stack positions out of 5000i,500n,10000p,200000b,80000s
No pages of output.
