This is e-upTeX, Version 3.141592653-p4.1.0-u1.29-230214-2.6 (utf8.uptex) (TeX Live 2023) (preloaded format=uplatex 2023.12.6)  7 DEC 2023 20:06
entering extended mode
 restricted \write18 enabled.
 file:line:error style messages enabled.
 %&-line parsing enabled.
**c:/Users/mtsit/thesis/master_tex/master_watanabe_el.tex
(c:/Users/mtsit/thesis/master_tex/master_watanabe_el.tex
pLaTeX2e <2023-02-14u04>+1, based on
LaTeX2e <2023-06-01> patch level 1
L3 programming layer <2023-08-29>
(c:/texlive/2023/texmf-dist/tex/platex/jsclasses/jsbook.cls
Document Class: jsbook 2023/02/23 jsclasses (okumura, texjporg)
Class jsbook Info: Autodetected engine: upLaTeX on input line 222.
\jsc@mpt=\dimen156
\jsc@mmm=\dimen157
\jsc@smallskipamount=\skip48
LaTeX Info: Redefining \textmc on input line 516.
LaTeX Info: Redefining \textgt on input line 518.
\symmincho=\mathgroup4
LaTeX Font Info:    Overwriting symbol font `mincho' in version `bold'
(Font)                  JY2/mc/m/n --> JY2/gt/m/n on input line 580.
LaTeX Font Info:    Font shape `JT2/mc/m/n' will be
(Font)              scaled to size 9.24683pt on input line 774.
LaTeX Font Info:    Font shape `JY2/mc/m/n' will be
(Font)              scaled to size 9.24683pt on input line 774.
\fullwidth=\dimen158
LaTeX Font Info:    Font shape `JT2/mc/m/n' will be
(Font)              scaled to size 7.39746pt on input line 935.
LaTeX Font Info:    Font shape `JY2/mc/m/n' will be
(Font)              scaled to size 7.39746pt on input line 935.
\c@part=\count184
\c@chapter=\count185
\c@section=\count186
\c@subsection=\count187
\c@subsubsection=\count188
\c@paragraph=\count189
\c@subparagraph=\count190
\c@figure=\count191
\c@table=\count192
\abovecaptionskip=\skip49
\belowcaptionskip=\skip50
\jsc@tocl@width=\dimen159
\@lnumwidth=\dimen160
\bibindent=\dimen161
(c:/texlive/2023/texmf-dist/tex/platex/jsclasses/jslogo.sty
Package: jslogo 2019/07/25 okumura, texjporg
LaTeX Info: Redefining \TeX on input line 82.
LaTeX Info: Redefining \LaTeX on input line 135.
LaTeX Info: Redefining \LaTeXe on input line 188.
)
\heisei=\count193
) (c:/texlive/2023/texmf-dist/tex/latex/graphics/graphicx.sty
Package: graphicx 2021/09/16 v1.2d Enhanced LaTeX Graphics (DPC,SPQR)
 (c:/texlive/2023/texmf-dist/tex/latex/graphics/keyval.sty
Package: keyval 2022/05/29 v1.15 key=value parser (DPC)
\KV@toks@=\toks18
) (c:/texlive/2023/texmf-dist/tex/latex/graphics/graphics.sty
Package: graphics 2022/03/10 v1.4e Standard LaTeX Graphics (DPC,SPQR)
 (c:/texlive/2023/texmf-dist/tex/latex/graphics/trig.sty
Package: trig 2021/08/11 v1.11 sin cos tan (DPC)
) (c:/texlive/2023/texmf-dist/tex/latex/graphics-cfg/graphics.cfg
File: graphics.cfg 2016/06/04 v1.11 sample graphics configuration
)
Package graphics Info: Driver file: dvipdfmx.def on input line 107.
 (c:/texlive/2023/texmf-dist/tex/latex/graphics-def/dvipdfmx.def
File: dvipdfmx.def 2022/09/22 v5.0m Graphics/color driver for dvipdfmx
))
\Gin@req@height=\dimen162
\Gin@req@width=\dimen163
) (c:/texlive/2023/texmf-dist/tex/latex/tools/bm.sty
Package: bm 2022/01/05 v1.2f Bold Symbol Support (DPC/FMi)
\symboldoperators=\mathgroup5
\symboldletters=\mathgroup6
\symboldsymbols=\mathgroup7
Package bm Info: No bold for \OMX/cmex/m/n, using \pmb.
\symboldmincho=\mathgroup8
LaTeX Font Info:    Redeclaring math alphabet \mathbf on input line 149.
) (c:/texlive/2023/texmf-dist/tex/platex/japanese-otf/otf.sty
Package: otf 2023/06/25 TeX JP org, v1.7b8 psitau, u0.29 ttk
LaTeX Font Info:    Redeclaring symbol font `mincho' on input line 344.
LaTeX Font Info:    Overwriting symbol font `mincho' in version `normal'
(Font)                  JY2/mc/m/n --> JY2/hmc/m/n on input line 344.
LaTeX Font Info:    Overwriting symbol font `mincho' in version `bold'
(Font)                  JY2/gt/m/n --> JY2/hmc/m/n on input line 344.
LaTeX Font Info:    Overwriting symbol font `mincho' in version `bold'
(Font)                  JY2/hmc/m/n --> JY2/hmc/bx/n on input line 346.
LaTeX Font Info:    Redeclaring math alphabet \mathgt on input line 347.
LaTeX Font Info:    Overwriting math alphabet `\mathgt' in version `normal'
(Font)                  JY2/gt/m/n --> JY2/hgt/m/n on input line 347.
LaTeX Font Info:    Overwriting math alphabet `\mathgt' in version `bold'
(Font)                  JY2/gt/m/n --> JY2/hgt/m/n on input line 347.
LaTeX Font Info:    Overwriting math alphabet `\mathgt' in version `bold'
(Font)                  JY2/hgt/m/n --> JY2/hgt/bx/n on input line 348.
 (c:/texlive/2023/texmf-dist/tex/platex/japanese-otf/ajmacros.sty
Package: ajmacros 2019/04/01 21:00 iNOUE Koich! <inoue@ma.ns.musashi-tech.ac.jp>
\@tempcntc=\count194
\@tempcntd=\count195
\@tempcnte=\count196
\@tempcntf=\count197
)) (./fancyhdr.sty
\fancy@headwidth=\skip51
\f@ncyO@elh=\skip52
\f@ncyO@erh=\skip53
\f@ncyO@olh=\skip54
\f@ncyO@orh=\skip55
\f@ncyO@elf=\skip56
\f@ncyO@erf=\skip57
\f@ncyO@olf=\skip58
\f@ncyO@orf=\skip59
) (c:/texlive/2023/texmf-dist/tex/latex/graphics/color.sty
Package: color 2022/01/06 v1.3d Standard LaTeX Color (DPC)
 (c:/texlive/2023/texmf-dist/tex/latex/graphics-cfg/color.cfg
File: color.cfg 2016/01/02 v1.6 sample color configuration
)
Package color Info: Driver file: dvips.def on input line 149.
 (c:/texlive/2023/texmf-dist/tex/latex/graphics-def/dvips.def
File: dvips.def 2022/09/22 v3.1e Graphics/color driver for dvips
) (c:/texlive/2023/texmf-dist/tex/latex/graphics/dvipsnam.def
File: dvipsnam.def 2016/06/17 v3.0m Driver-dependent file (DPC,SPQR)
) (c:/texlive/2023/texmf-dist/tex/latex/graphics/mathcolor.ltx)) (c:/texlive/2023/texmf-dist/tex/latex/caption/caption.sty
Package: caption 2023/07/31 v3.6n Customizing captions (AR)
 (c:/texlive/2023/texmf-dist/tex/latex/caption/caption3.sty
Package: caption3 2023/07/31 v2.4d caption3 kernel (AR)
\caption@tempdima=\dimen164
\captionmargin=\dimen165
\caption@leftmargin=\dimen166
\caption@rightmargin=\dimen167
\caption@width=\dimen168
\caption@indent=\dimen169
\caption@parindent=\dimen170
\caption@hangindent=\dimen171
Package caption Info: Unknown document class (or package),
(caption)             standard defaults will be used.
Package caption Info: \@makecaption = \long macro:#1#2->{\small \advance \leftskip .0628\linewidth \advance \rightskip .0628\linewidth \vskip \abovecaptionskip \sbox \@tempboxa {#1\hskip 1zw\relax #2}\ifdim \wd \@tempboxa <\hsize \centering \fi #1{\hskip 1zw\relax }#2\par \vskip \belowcaptionskip } on input line 1170.
)

Package caption Warning: Unknown document class (or package),
(caption)                standard defaults will be used.
See the caption package documentation for explanation.

\c@caption@flags=\count198
\c@continuedfloat=\count199
) (c:/texlive/2023/texmf-dist/tex/latex/amsmath/amsmath.sty
Package: amsmath 2023/05/13 v2.17o AMS math features
\@mathmargin=\skip60

For additional information on amsmath, use the `?' option.
(c:/texlive/2023/texmf-dist/tex/latex/amsmath/amstext.sty
Package: amstext 2021/08/26 v2.01 AMS text
 (c:/texlive/2023/texmf-dist/tex/latex/amsmath/amsgen.sty
File: amsgen.sty 1999/11/30 v2.0 generic functions
\@emptytoks=\toks19
\ex@=\dimen172
)) (c:/texlive/2023/texmf-dist/tex/latex/amsmath/amsbsy.sty
Package: amsbsy 1999/11/29 v1.2d Bold Symbols
LaTeX Info: Redefining \boldsymbol on input line 28.
\pmbraise@=\dimen173
) (c:/texlive/2023/texmf-dist/tex/latex/amsmath/amsopn.sty
Package: amsopn 2022/04/08 v2.04 operator names
)
\inf@bad=\count266
LaTeX Info: Redefining \frac on input line 234.
\uproot@=\count267
\leftroot@=\count268
LaTeX Info: Redefining \overline on input line 399.
LaTeX Info: Redefining \colon on input line 410.
\classnum@=\count269
\DOTSCASE@=\count270
LaTeX Info: Redefining \ldots on input line 496.
LaTeX Info: Redefining \dots on input line 499.
LaTeX Info: Redefining \cdots on input line 620.
\Mathstrutbox@=\box68
\strutbox@=\box69
LaTeX Info: Redefining \big on input line 722.
LaTeX Info: Redefining \Big on input line 723.
LaTeX Info: Redefining \bigg on input line 724.
LaTeX Info: Redefining \Bigg on input line 725.
\big@size=\dimen174
LaTeX Font Info:    Redeclaring font encoding OML on input line 743.
LaTeX Font Info:    Redeclaring font encoding OMS on input line 744.
\macc@depth=\count271
LaTeX Info: Redefining \bmod on input line 905.
LaTeX Info: Redefining \pmod on input line 910.
LaTeX Info: Redefining \smash on input line 940.
LaTeX Info: Redefining \relbar on input line 970.
LaTeX Info: Redefining \Relbar on input line 971.
\c@MaxMatrixCols=\count272
\dotsspace@=\muskip16
\c@parentequation=\count273
\dspbrk@lvl=\count274
\tag@help=\toks20
\row@=\count275
\column@=\count276
\maxfields@=\count277
\andhelp@=\toks21
\eqnshift@=\dimen175
\alignsep@=\dimen176
\tagshift@=\dimen177
\tagwidth@=\dimen178
\totwidth@=\dimen179
\lineht@=\dimen180
\@envbody=\toks22
\multlinegap=\skip61
\multlinetaggap=\skip62
\mathdisplay@stack=\toks23
LaTeX Info: Redefining \[ on input line 2953.
LaTeX Info: Redefining \] on input line 2954.
) (./titlesec.sty
Package: titlesec 2011/12/15 v2.10.0 Sectioning titles
\ttl@box=\box70
\beforetitleunit=\skip63
\aftertitleunit=\skip64
\ttl@plus=\dimen181
\ttl@minus=\dimen182
\ttl@toksa=\toks24
\titlewidth=\dimen183
\titlewidthlast=\dimen184
\titlewidthfirst=\dimen185
)
LaTeX Font Info:    Font shape `JT2/hmc/m/n' will be
(Font)              scaled to size 9.24683pt on input line 22.
LaTeX Font Info:    Font shape `JY2/hmc/m/n' will be
(Font)              scaled to size 9.24683pt on input line 22.
 (c:/texlive/2023/texmf-dist/tex/latex/l3backend/l3backend-dvips.def
File: l3backend-dvips.def 2023-04-19 L3 backend support: dvips
\l__pdf_internal_box=\box71
\g__pdf_backend_object_int=\count278
\l__pdf_backend_content_box=\box72
\l__pdf_backend_model_box=\box73
\g__pdf_backend_annotation_int=\count279
\g__pdf_backend_link_int=\count280
\g__pdf_backend_link_sf_int=\count281
) (out/master_watanabe_el.aux (out/./abst/abst.aux) (out/./chap1/chap1.aux) (out/./chap2/chap2.aux) (out/./chap3/chap3.aux) (out/./chap4/chap4.aux) (out/./chap5/chap5.aux) (out/./chap6/chap6.aux) (out/./chap7/chap7.aux

LaTeX Warning: Label `rel_P_3He-Vnmr' multiply defined.

))
\openout1 = `master_watanabe_el.aux'.

LaTeX Font Info:    Checking defaults for OML/cmm/m/it on input line 22.
LaTeX Font Info:    ... okay on input line 22.
LaTeX Font Info:    Checking defaults for OMS/cmsy/m/n on input line 22.
LaTeX Font Info:    ... okay on input line 22.
LaTeX Font Info:    Checking defaults for OT1/cmr/m/n on input line 22.
LaTeX Font Info:    ... okay on input line 22.
LaTeX Font Info:    Checking defaults for T1/cmr/m/n on input line 22.
LaTeX Font Info:    ... okay on input line 22.
LaTeX Font Info:    Checking defaults for TS1/cmr/m/n on input line 22.
LaTeX Font Info:    ... okay on input line 22.
LaTeX Font Info:    Checking defaults for OMX/cmex/m/n on input line 22.
LaTeX Font Info:    ... okay on input line 22.
LaTeX Font Info:    Checking defaults for U/cmr/m/n on input line 22.
LaTeX Font Info:    ... okay on input line 22.
LaTeX Font Info:    Checking defaults for JY2/mc/m/n on input line 22.
LaTeX Font Info:    ... okay on input line 22.
LaTeX Font Info:    Checking defaults for JT2/mc/m/n on input line 22.
LaTeX Font Info:    ... okay on input line 22.
Package caption Info: Begin \AtBeginDocument code.
Package caption Info: End \AtBeginDocument code.
LaTeX Font Info:    Font shape `JT2/hmc/m/n' will be
(Font)              scaled to size 13.31541pt on input line 28.
LaTeX Font Info:    Font shape `JY2/hmc/m/n' will be
(Font)              scaled to size 13.31541pt on input line 28.
LaTeX Font Info:    Font shape `JT2/hmc/m/n' will be
(Font)              scaled to size 15.9785pt on input line 31.
LaTeX Font Info:    Font shape `JY2/hmc/m/n' will be
(Font)              scaled to size 15.9785pt on input line 31.
LaTeX Font Info:    Font shape `JY2/hmc/m/n' will be
(Font)              scaled to size 11.09619pt on input line 31.
LaTeX Font Info:    Font shape `JY2/gt/m/n' will be
(Font)              scaled to size 15.9785pt on input line 31.
LaTeX Font Info:    Font shape `JY2/gt/m/n' will be
(Font)              scaled to size 11.09619pt on input line 31.
LaTeX Font Info:    Font shape `JY2/gt/m/n' will be
(Font)              scaled to size 9.24683pt on input line 31.
LaTeX Font Info:    Font shape `JY2/hmc/m/n' will be
(Font)              scaled to size 6.47278pt on input line 33.
LaTeX Font Info:    Font shape `JY2/gt/m/n' will be
(Font)              scaled to size 13.31541pt on input line 33.
LaTeX Font Info:    Font shape `JY2/gt/m/n' will be
(Font)              scaled to size 6.47278pt on input line 33.
File: ./Toh_E_M_P_K.eps Graphic file (type eps)
 <./Toh_E_M_P_K.eps> [1

]
\openout2 = `./abst/abst.aux'.

 (./abst/abst.tex
LaTeX Font Info:    Font shape `JT2/hmc/m/n' will be
(Font)              scaled to size 11.09619pt on input line 2.
) [1

]
LaTeX Font Info:    Font shape `JT2/hgt/m/n' will be
(Font)              scaled to size 9.24683pt on input line 65.
LaTeX Font Info:    Font shape `JY2/hgt/m/n' will be
(Font)              scaled to size 9.24683pt on input line 65.
LaTeX Font Info:    Font shape `JT2/hmc/m/n' will be
(Font)              scaled to size 23.0061pt on input line 65.
LaTeX Font Info:    Font shape `JY2/hmc/m/n' will be
(Font)              scaled to size 23.0061pt on input line 65.
LaTeX Font Info:    Font shape `JT2/hgt/m/n' will be
(Font)              scaled to size 23.0061pt on input line 65.
LaTeX Font Info:    Font shape `JY2/hgt/m/n' will be
(Font)              scaled to size 23.0061pt on input line 65.
 (out/master_watanabe_el.toc
LaTeX Font Info:    Font shape `JY2/hmc/m/n' will be
(Font)              scaled to size 4.62341pt on input line 2.
LaTeX Font Info:    Font shape `JY2/gt/m/n' will be
(Font)              scaled to size 4.62341pt on input line 2.
LaTeX Font Info:    Font shape `JT2/hmc/bx/n' in size <10> not available
(Font)              Font shape `JT2/hgt/m/n' tried instead on input line 23.
LaTeX Font Info:    Font shape `JT2/hgt/m/n' will be
(Font)              scaled to size 9.24683pt on input line 23.
LaTeX Font Info:    Font shape `JY2/hmc/bx/n' in size <10> not available
(Font)              Font shape `JY2/hgt/m/n' tried instead on input line 23.
LaTeX Font Info:    Font shape `JY2/hgt/m/n' will be
(Font)              scaled to size 9.24683pt on input line 23.
 [2



])
\tf@toc=\write3
\openout3 = `master_watanabe_el.toc'.

LaTeX Font Info:    Font shape `JT2/hmc/m/n' will be
(Font)              scaled to size 8.32214pt on input line 83.
LaTeX Font Info:    Font shape `JY2/hmc/m/n' will be
(Font)              scaled to size 8.32214pt on input line 83.
 [3]
\openout2 = `./chap1/chap1.aux'.

 (./chap1/chap1.tex
第1章
LaTeX Font Info:    Font shape `JT2/hmc/m/n' will be
(Font)              scaled to size 19.17792pt on input line 1.
LaTeX Font Info:    Font shape `JY2/hmc/m/n' will be
(Font)              scaled to size 19.17792pt on input line 1.
LaTeX Font Info:    Font shape `JT2/hgt/m/n' will be
(Font)              scaled to size 19.17792pt on input line 1.
LaTeX Font Info:    Font shape `JY2/hgt/m/n' will be
(Font)              scaled to size 19.17792pt on input line 1.
LaTeX Font Info:    Font shape `JT2/hgt/m/n' will be
(Font)              scaled to size 13.31541pt on input line 3.
LaTeX Font Info:    Font shape `JY2/hgt/m/n' will be
(Font)              scaled to size 13.31541pt on input line 3.
) [1


]
\openout2 = `./chap2/chap2.aux'.

 (./chap2/chap2.tex
第2章
[2




]
LaTeX Font Info:    Font shape `JT2/hgt/m/n' will be
(Font)              scaled to size 11.09619pt on input line 33.
LaTeX Font Info:    Font shape `JY2/hgt/m/n' will be
(Font)              scaled to size 11.09619pt on input line 33.
File: ./chap2/fig/triplet_state.png Graphic file (type bmp)
 <./chap2/fig/triplet_state.png> [3]
LaTeX Font Info:    Font shape `JY2/hgt/m/n' will be
(Font)              scaled to size 6.47278pt on input line 72.
LaTeX Font Info:    Font shape `JY2/hgt/m/n' will be
(Font)              scaled to size 4.62341pt on input line 72.
 [4] [5]
File: ./chap2/fig/pentacene_axes.png Graphic file (type bmp)
 <./chap2/fig/pentacene_axes.png> [6]
File: ./chap2/fig/energysplit_B0.png Graphic file (type bmp)
 <./chap2/fig/energysplit_B0.png>) [7] [8]
\openout2 = `./chap3/chap3.aux'.

 (./chap3/chap3.tex
第3章
LaTeX Font Info:    Font shape `JY2/hgt/m/n' will be
(Font)              scaled to size 15.9785pt on input line 1.
LaTeX Font Info:    Font shape `JY2/gt/m/n' will be
(Font)              scaled to size 23.0061pt on input line 1.
LaTeX Font Info:    Font shape `JY2/gt/m/n' will be
(Font)              scaled to size 19.17792pt on input line 1.
File: ./chap3/fig/pol-sys_sche.pdf Graphic file (type pdf)
<./chap3/fig/pol-sys_sche.pdf>
LaTeX Font Info:    Font shape `JY2/hmc/m/n' will be
(Font)              scaled to size 5.5481pt on input line 16.
LaTeX Font Info:    Font shape `JY2/hgt/m/n' will be
(Font)              scaled to size 8.32214pt on input line 16.
LaTeX Font Info:    Font shape `JY2/hgt/m/n' will be
(Font)              scaled to size 5.5481pt on input line 16.
LaTeX Font Info:    Font shape `JY2/gt/m/n' will be
(Font)              scaled to size 8.32214pt on input line 16.
LaTeX Font Info:    Font shape `JY2/gt/m/n' will be
(Font)              scaled to size 5.5481pt on input line 16.
[9




]
File: ./chap3/fig/kuki_sche.pdf Graphic file (type pdf)
<./chap3/fig/kuki_sche.pdf>
 [10]
File: ./chap3/fig/vacuum-sys.pdf Graphic file (type pdf)
<./chap3/fig/vacuum-sys.pdf>
File: ./chap3/fig/cell-branch.pdf Graphic file (type pdf)
<./chap3/fig/cell-branch.pdf>
 [11] [12]
File: ./chap3/fig/Bara_calib.eps Graphic file (type eps)
 <./chap3/fig/Bara_calib.eps> [13] [14] [15] [16]
File: ./chap3/fig/Main_Coil.eps Graphic file (type eps)
 <./chap3/fig/Main_Coil.eps> [17]
File: ./chap3/fig/oven_sche.pdf Graphic file (type pdf)
<./chap3/fig/oven_sche.pdf>
 [18]
File: ./chap3/fig/Laser_Pow-Iout.eps Graphic file (type eps)
 <./chap3/fig/Laser_Pow-Iout.eps> [19]
File: ./chap3/fig/Laser_wl.eps Graphic file (type eps)
 <./chap3/fig/Laser_wl.eps> [20]
File: ./chap3/fig/laser-sys.pdf Graphic file (type pdf)
<./chap3/fig/laser-sys.pdf>
 [21]
File: ./chap3/fig/lam4_2_3_Pow.eps Graphic file (type eps)
 <./chap3/fig/lam4_2_3_Pow.eps>
File: ./chap3/fig/lam4_1_Pow.eps Graphic file (type eps)
 <./chap3/fig/lam4_1_Pow.eps> [22]
File: ./chap3/fig/AFP-NMR_setup.pdf Graphic file (type pdf)
<./chap3/fig/AFP-NMR_setup.pdf>
 [23]
File: ./chap3/fig/Drive_Coil.eps Graphic file (type eps)
 <./chap3/fig/Drive_Coil.eps> [24]

LaTeX Warning: Reference `B0_reso' on page 25 undefined on input line 345.

[25]
File: ./chap3/fig/Drive_Coil_tune.eps Graphic file (type eps)
 <./chap3/fig/Drive_Coil_tune.eps> [26]
File: ./chap3/fig/Pickup_Coil_tune.eps Graphic file (type eps)
 <./chap3/fig/Pickup_Coil_tune.eps>

LaTeX Warning: Reference `V_pick' on page 27 undefined on input line 398.

[27] [28] [29]
File: ./chap3/fig/ESR_setup.pdf Graphic file (type pdf)
<./chap3/fig/ESR_setup.pdf>
 [30]) [31]
\openout2 = `./chap4/chap4.aux'.

 (./chap4/chap4.tex
第4章

LaTeX Warning: Reference `P_3He_final' on page 32 undefined on input line 26.


LaTeX Warning: Reference `P_3He_X' on page 32 undefined on input line 33.

[32




]
File: ./chap4/fig/NMR-buildup_1230.eps Graphic file (type eps)
 <./chap4/fig/NMR-buildup_1230.eps> [33]

LaTeX Warning: Reference `dP_3He/dt' on page 34 undefined on input line 70.

[34]
File: ./chap4/fig/NMR-hotrelax_1229.eps Graphic file (type eps)
 <./chap4/fig/NMR-hotrelax_1229.eps> [35]
File: ./chap4/fig/NMR-coldrelax_1225.eps Graphic file (type eps)
 <./chap4/fig/NMR-coldrelax_1225.eps>
LaTeX Font Info:    Font shape `JY2/hmc/m/n' will be
(Font)              scaled to size 7.39746pt on input line 133.
LaTeX Font Info:    Font shape `JY2/hgt/m/n' will be
(Font)              scaled to size 7.39746pt on input line 133.
LaTeX Font Info:    Font shape `JY2/gt/m/n' will be
(Font)              scaled to size 7.39746pt on input line 133.
 [36]
File: ./chap4/fig/ESRfreq_ave_Vnmr.eps Graphic file (type eps)
 <./chap4/fig/ESRfreq_ave_Vnmr.eps>

LaTeX Warning: Reference `ESR_shift_updown' on page 37 undefined on input line 144.

[37] [38]
File: ./chap4/fig/ESRfreq-NMRsignal_P_3He.eps Graphic file (type eps)
 <./chap4/fig/ESRfreq-NMRsignal_P_3He.eps>) [39]
\openout2 = `./chap5/chap5.aux'.

 (./chap5/chap5.tex
第5章
[40




]
File: ./chap5/fig/cyric_exp_setup2.pdf Graphic file (type pdf)
<./chap5/fig/cyric_exp_setup2.pdf>
 [41]
File: ./chap5/fig/p-detector_55.pdf Graphic file (type pdf)
<./chap5/fig/p-detector_55.pdf>
 [42]
File: ./chap5/fig/p-detector_70.pdf Graphic file (type pdf)
<./chap5/fig/p-detector_70.pdf>
 [43]
File: ./chap5/fig/beam_monitor.pdf Graphic file (type pdf)
<./chap5/fig/beam_monitor.pdf>
 [44] [45]
Overfull \hbox (3.2281pt too wide) in paragraph at lines 150--160
 [][][][] 
 []

[46]
File: ./chap5/fig/L55ADC2D_203_cl.pdf Graphic file (type pdf)
<./chap5/fig/L55ADC2D_203_cl.pdf>
File: ./chap5/fig/L55TEADC_203_2.pdf Graphic file (type pdf)
<./chap5/fig/L55TEADC_203_2.pdf>


LaTeX Warning: Reference `Ay_calc' on page 47 undefined on input line 194.

[47] [48]
File: ./chap5/fig/L55TEADC_203_bg2.eps Graphic file (type eps)
 <./chap5/fig/L55TEADC_203_bg2.eps> [49]
File: ./chap5/fig/asym_55deg.eps Graphic file (type eps)
 <./chap5/fig/asym_55deg.eps>
File: ./chap5/fig/asym_70deg.eps Graphic file (type eps)
 <./chap5/fig/asym_70deg.eps>
File: ./chap5/fig/Vnmr_oct15cyric_70.eps Graphic file (type eps)
 <./chap5/fig/Vnmr_oct15cyric_70.eps>) [50] [51]
\openout2 = `./chap6/chap6.aux'.

 (./chap6/chap6.tex
第6章

LaTeX Warning: Reference `ESR_shift' on page 52 undefined on input line 14.

[52




] [53]

LaTeX Warning: Reference `kappa_0' on page 54 undefined on input line 70.

[54] [55]
File: ./chap6/fig/Ay_calc_CDBonn3.eps Graphic file (type eps)
 <./chap6/fig/Ay_calc_CDBonn3.eps> [56]) [57]
\openout2 = `./chap7/chap7.aux'.

 (./chap7/chap7.tex
第7章
[58




]) [59] [60



] [61] [62] [63

] [64] (out/master_watanabe_el.aux (out/./abst/abst.aux) (out/./chap1/chap1.aux) (out/./chap2/chap2.aux) (out/./chap3/chap3.aux) (out/./chap4/chap4.aux) (out/./chap5/chap5.aux) (out/./chap6/chap6.aux) (out/./chap7/chap7.aux))
 ***********
pLaTeX2e <2023-02-14u04>+1, based on
LaTeX2e <2023-06-01> patch level 1
L3 programming layer <2023-08-29>
 ***********


LaTeX Warning: There were undefined references.


LaTeX Warning: There were multiply-defined labels.

 ) 
Here is how much of TeX's memory you used:
 6396 strings out of 477039
 102598 string characters out of 5811344
 1936637 words of memory out of 7000000
 27665 multiletter control sequences out of 15000+600000
 591519 words of font info for 179 fonts, out of 8000000 for 9000
 41 hyphenation exceptions out of 8191
 57i,15n,65p,1884b,1032s stack positions out of 30000i,1000n,20000p,200000b,200000s

Output written on out/master_watanabe_el.dvi (68 pages, 243644 bytes).
