This is e-upTeX, Version 3.141592653-p4.1.0-u1.29-230214-2.6 (utf8.uptex) (TeX Live 2023) (preloaded format=uplatex 2023.12.6)  8 DEC 2023 00:50
entering extended mode
 restricted \write18 enabled.
 file:line:error style messages enabled.
 %&-line parsing enabled.
**c:/Users/mtsit/thesis/master_tex/master_watanabe.tex
(c:/Users/mtsit/thesis/master_tex/master_watanabe.tex
pLaTeX2e <2023-02-14u04>+1, based on
LaTeX2e <2023-06-01> patch level 1
L3 programming layer <2023-08-29>
(c:/texlive/2023/texmf-dist/tex/uplatex/base/ujreport.cls
Document Class: ujreport 2020/09/30 v1.8f-u00 Standard upLaTeX class
\c@@paper=\count184
(c:/texlive/2023/texmf-dist/tex/uplatex/base/ujsize12.clo
File: ujsize12.clo 2020/09/30 v1.8f-u00 Standard upLaTeX file (size option)
LaTeX Font Info:    Font shape `JT2/mc/m/n' will be
(Font)              scaled to size 11.54663pt on input line 28.
LaTeX Font Info:    Font shape `JY2/mc/m/n' will be
(Font)              scaled to size 11.54663pt on input line 28.
)
\c@part=\count185
\c@chapter=\count186
\c@section=\count187
\c@subsection=\count188
\c@subsubsection=\count189
\c@paragraph=\count190
\c@subparagraph=\count191
\c@figure=\count192
\c@table=\count193
\abovecaptionskip=\skip48
\belowcaptionskip=\skip49
\symmincho=\mathgroup4
LaTeX Font Info:    Overwriting symbol font `mincho' in version `bold'
(Font)                  JY2/mc/m/n --> JY2/gt/m/n on input line 705.
\toclineskip=\dimen156
\@lnumwidth=\dimen157
\bibindent=\dimen158
\heisei=\count194
) (c:/texlive/2023/texmf-dist/tex/latex/graphics/graphicx.sty
Package: graphicx 2021/09/16 v1.2d Enhanced LaTeX Graphics (DPC,SPQR)
 (c:/texlive/2023/texmf-dist/tex/latex/graphics/keyval.sty
Package: keyval 2022/05/29 v1.15 key=value parser (DPC)
\KV@toks@=\toks18
) (c:/texlive/2023/texmf-dist/tex/latex/graphics/graphics.sty
Package: graphics 2022/03/10 v1.4e Standard LaTeX Graphics (DPC,SPQR)
 (c:/texlive/2023/texmf-dist/tex/latex/graphics/trig.sty
Package: trig 2021/08/11 v1.11 sin cos tan (DPC)
) (c:/texlive/2023/texmf-dist/tex/latex/graphics-cfg/graphics.cfg
File: graphics.cfg 2016/06/04 v1.11 sample graphics configuration
)
Package graphics Info: Driver file: dvipdfmx.def on input line 107.
 (c:/texlive/2023/texmf-dist/tex/latex/graphics-def/dvipdfmx.def
File: dvipdfmx.def 2022/09/22 v5.0m Graphics/color driver for dvipdfmx
))
\Gin@req@height=\dimen159
\Gin@req@width=\dimen160
) (c:/texlive/2023/texmf-dist/tex/latex/graphics/color.sty
Package: color 2022/01/06 v1.3d Standard LaTeX Color (DPC)
 (c:/texlive/2023/texmf-dist/tex/latex/graphics-cfg/color.cfg
File: color.cfg 2016/01/02 v1.6 sample color configuration
)
Package color Info: Driver file: dvipdfmx.def on input line 149.
 (c:/texlive/2023/texmf-dist/tex/latex/graphics/dvipsnam.def
File: dvipsnam.def 2016/06/17 v3.0m Driver-dependent file (DPC,SPQR)
) (c:/texlive/2023/texmf-dist/tex/latex/graphics/mathcolor.ltx)) (c:/texlive/2023/texmf-dist/tex/latex/tools/bm.sty
Package: bm 2022/01/05 v1.2f Bold Symbol Support (DPC/FMi)
\symboldoperators=\mathgroup5
\symboldletters=\mathgroup6
\symboldsymbols=\mathgroup7
Package bm Info: No bold for \OMX/cmex/m/n, using \pmb.
\symboldmincho=\mathgroup8
LaTeX Font Info:    Redeclaring math alphabet \mathbf on input line 149.
) (./fancyhdr.sty
\fancy@headwidth=\skip50
\f@ncyO@elh=\skip51
\f@ncyO@erh=\skip52
\f@ncyO@olh=\skip53
\f@ncyO@orh=\skip54
\f@ncyO@elf=\skip55
\f@ncyO@erf=\skip56
\f@ncyO@olf=\skip57
\f@ncyO@orf=\skip58
) (c:/texlive/2023/texmf-dist/tex/latex/caption/caption.sty
Package: caption 2023/07/31 v3.6n Customizing captions (AR)
 (c:/texlive/2023/texmf-dist/tex/latex/caption/caption3.sty
Package: caption3 2023/07/31 v2.4d caption3 kernel (AR)
\caption@tempdima=\dimen161
\captionmargin=\dimen162
\caption@leftmargin=\dimen163
\caption@rightmargin=\dimen164
\caption@width=\dimen165
\caption@indent=\dimen166
\caption@parindent=\dimen167
\caption@hangindent=\dimen168
Package caption Info: Unknown document class (or package),
(caption)             standard defaults will be used.
Package caption Info: \@makecaption = \long macro:#1#2->\vskip \abovecaptionskip \iftdir \sbox \@tempboxa {#1\hskip 1zw#2}\else \sbox \@tempboxa {#1: #2}\fi \ifdim \wd \@tempboxa >\hsize \iftdir #1\hskip 1zw#2\relax \par \else #1: #2\relax \par \fi \else \global \@minipagefalse \hb@xt@ \hsize {\hfil \box \@tempboxa \hfil }\fi \vskip \belowcaptionskip  on input line 1170.
)

Package caption Warning: Unknown document class (or package),
(caption)                standard defaults will be used.
See the caption package documentation for explanation.

\c@caption@flags=\count195
\c@continuedfloat=\count196
) (c:/texlive/2023/texmf-dist/tex/latex/amsmath/amsmath.sty
Package: amsmath 2023/05/13 v2.17o AMS math features
\@mathmargin=\skip59

For additional information on amsmath, use the `?' option.
(c:/texlive/2023/texmf-dist/tex/latex/amsmath/amstext.sty
Package: amstext 2021/08/26 v2.01 AMS text
 (c:/texlive/2023/texmf-dist/tex/latex/amsmath/amsgen.sty
File: amsgen.sty 1999/11/30 v2.0 generic functions
\@emptytoks=\toks19
\ex@=\dimen169
)) (c:/texlive/2023/texmf-dist/tex/latex/amsmath/amsbsy.sty
Package: amsbsy 1999/11/29 v1.2d Bold Symbols
LaTeX Info: Redefining \boldsymbol on input line 28.
\pmbraise@=\dimen170
) (c:/texlive/2023/texmf-dist/tex/latex/amsmath/amsopn.sty
Package: amsopn 2022/04/08 v2.04 operator names
)
\inf@bad=\count197
LaTeX Info: Redefining \frac on input line 234.
\uproot@=\count198
\leftroot@=\count199
LaTeX Info: Redefining \overline on input line 399.
LaTeX Info: Redefining \colon on input line 410.
\classnum@=\count266
\DOTSCASE@=\count267
LaTeX Info: Redefining \ldots on input line 496.
LaTeX Info: Redefining \dots on input line 499.
LaTeX Info: Redefining \cdots on input line 620.
\Mathstrutbox@=\box68
\strutbox@=\box69
LaTeX Info: Redefining \big on input line 722.
LaTeX Info: Redefining \Big on input line 723.
LaTeX Info: Redefining \bigg on input line 724.
LaTeX Info: Redefining \Bigg on input line 725.
\big@size=\dimen171
LaTeX Font Info:    Redeclaring font encoding OML on input line 743.
LaTeX Font Info:    Redeclaring font encoding OMS on input line 744.
\macc@depth=\count268
LaTeX Info: Redefining \bmod on input line 905.
LaTeX Info: Redefining \pmod on input line 910.
LaTeX Info: Redefining \smash on input line 940.
LaTeX Info: Redefining \relbar on input line 970.
LaTeX Info: Redefining \Relbar on input line 971.
\c@MaxMatrixCols=\count269
\dotsspace@=\muskip16
\c@parentequation=\count270
\dspbrk@lvl=\count271
\tag@help=\toks20
\row@=\count272
\column@=\count273
\maxfields@=\count274
\andhelp@=\toks21
\eqnshift@=\dimen172
\alignsep@=\dimen173
\tagshift@=\dimen174
\tagwidth@=\dimen175
\totwidth@=\dimen176
\lineht@=\dimen177
\@envbody=\toks22
\multlinegap=\skip60
\multlinetaggap=\skip61
\mathdisplay@stack=\toks23
LaTeX Info: Redefining \[ on input line 2953.
LaTeX Info: Redefining \] on input line 2954.
) (c:/texlive/2023/texmf-dist/tex/latex/l3backend/l3backend-dvips.def
File: l3backend-dvips.def 2023-04-19 L3 backend support: dvips
\l__pdf_internal_box=\box70
\g__pdf_backend_object_int=\count275
\l__pdf_backend_content_box=\box71
\l__pdf_backend_model_box=\box72
\g__pdf_backend_annotation_int=\count276
\g__pdf_backend_link_int=\count277
\g__pdf_backend_link_sf_int=\count278
) (out/master_watanabe.aux (out/./abst/abst.aux) (out/./chap1/chap1.aux) (out/./chap2/chap2.aux) (out/./chap3/chap3.aux) (out/./chap4/chap4.aux) (out/./chap5/chap5.aux) (out/./chap6/chap6.aux) (out/./chap7/chap7.aux

LaTeX Warning: Label `rel_P_3He-Vnmr' multiply defined.

))
\openout1 = `master_watanabe.aux'.

LaTeX Font Info:    Checking defaults for OML/cmm/m/it on input line 21.
LaTeX Font Info:    ... okay on input line 21.
LaTeX Font Info:    Checking defaults for OMS/cmsy/m/n on input line 21.
LaTeX Font Info:    ... okay on input line 21.
LaTeX Font Info:    Checking defaults for OT1/cmr/m/n on input line 21.
LaTeX Font Info:    ... okay on input line 21.
LaTeX Font Info:    Checking defaults for T1/cmr/m/n on input line 21.
LaTeX Font Info:    ... okay on input line 21.
LaTeX Font Info:    Checking defaults for TS1/cmr/m/n on input line 21.
LaTeX Font Info:    ... okay on input line 21.
LaTeX Font Info:    Checking defaults for OMX/cmex/m/n on input line 21.
LaTeX Font Info:    ... okay on input line 21.
LaTeX Font Info:    Checking defaults for U/cmr/m/n on input line 21.
LaTeX Font Info:    ... okay on input line 21.
LaTeX Font Info:    Checking defaults for JY2/mc/m/n on input line 21.
LaTeX Font Info:    ... okay on input line 21.
LaTeX Font Info:    Checking defaults for JT2/mc/m/n on input line 21.
LaTeX Font Info:    ... okay on input line 21.
Package caption Info: Begin \AtBeginDocument code.
Package caption Info: End \AtBeginDocument code.
LaTeX Font Info:    Font shape `JT2/mc/m/n' will be
(Font)              scaled to size 16.62714pt on input line 27.
LaTeX Font Info:    Font shape `JY2/mc/m/n' will be
(Font)              scaled to size 16.62714pt on input line 27.
LaTeX Font Info:    Font shape `JT2/mc/m/n' will be
(Font)              scaled to size 19.95642pt on input line 30.
LaTeX Font Info:    Font shape `JY2/mc/m/n' will be
(Font)              scaled to size 19.95642pt on input line 30.
File: ./Toh_E_M_P_K.eps Graphic file (type eps)
<./Toh_E_M_P_K.eps>
 [1

]
\openout2 = `./abst/abst.aux'.

 (./abst/abst.tex
LaTeX Font Info:    Font shape `JT2/mc/m/n' will be
(Font)              scaled to size 13.85594pt on input line 2.
LaTeX Font Info:    Font shape `JY2/mc/m/n' will be
(Font)              scaled to size 13.85594pt on input line 2.
) [1

]
LaTeX Font Info:    Font shape `JT2/mc/m/n' will be
(Font)              scaled to size 23.94002pt on input line 64.
LaTeX Font Info:    Font shape `JY2/mc/m/n' will be
(Font)              scaled to size 23.94002pt on input line 64.
LaTeX Font Info:    Font shape `JT2/mc/bx/n' in size <24.88> not available
(Font)              Font shape `JT2/gt/m/n' tried instead on input line 64.
LaTeX Font Info:    Font shape `JT2/gt/m/n' will be
(Font)              scaled to size 23.94002pt on input line 64.
LaTeX Font Info:    Font shape `JY2/mc/bx/n' in size <24.88> not available
(Font)              Font shape `JY2/gt/m/n' tried instead on input line 64.
LaTeX Font Info:    Font shape `JY2/gt/m/n' will be
(Font)              scaled to size 23.94002pt on input line 64.
 (out/master_watanabe.toc
LaTeX Font Info:    Font shape `JT2/mc/bx/n' in size <12> not available
(Font)              Font shape `JT2/gt/m/n' tried instead on input line 1.
LaTeX Font Info:    Font shape `JT2/gt/m/n' will be
(Font)              scaled to size 11.54663pt on input line 1.
LaTeX Font Info:    Font shape `JY2/mc/bx/n' in size <12> not available
(Font)              Font shape `JY2/gt/m/n' tried instead on input line 1.
LaTeX Font Info:    Font shape `JY2/gt/m/n' will be
(Font)              scaled to size 11.54663pt on input line 1.
LaTeX Font Info:    Font shape `JY2/mc/m/n' will be
(Font)              scaled to size 7.69775pt on input line 2.
LaTeX Font Info:    Font shape `JY2/mc/m/n' will be
(Font)              scaled to size 5.77332pt on input line 2.
LaTeX Font Info:    Font shape `JY2/gt/m/n' will be
(Font)              scaled to size 7.69775pt on input line 2.
LaTeX Font Info:    Font shape `JY2/gt/m/n' will be
(Font)              scaled to size 5.77332pt on input line 2.
 [2



])
\tf@toc=\write3
\openout3 = `master_watanabe.toc'.

LaTeX Font Info:    Font shape `JT2/mc/m/n' will be
(Font)              scaled to size 10.53629pt on input line 82.
LaTeX Font Info:    Font shape `JY2/mc/m/n' will be
(Font)              scaled to size 10.53629pt on input line 82.
 [3]
\openout2 = `./chap1/chap1.aux'.

 (./chap1/chap1.tex
第 1 章
LaTeX Font Info:    Font shape `JT2/mc/bx/n' in size <17.28> not available
(Font)              Font shape `JT2/gt/m/n' tried instead on input line 3.
LaTeX Font Info:    Font shape `JT2/gt/m/n' will be
(Font)              scaled to size 16.62714pt on input line 3.
LaTeX Font Info:    Font shape `JY2/mc/bx/n' in size <17.28> not available
(Font)              Font shape `JY2/gt/m/n' tried instead on input line 3.
LaTeX Font Info:    Font shape `JY2/gt/m/n' will be
(Font)              scaled to size 16.62714pt on input line 3.
) [1


]
\openout2 = `./chap2/chap2.aux'.

 (./chap2/chap2.tex
第 2 章
[2




]
LaTeX Font Info:    Font shape `JT2/mc/bx/n' in size <14.4> not available
(Font)              Font shape `JT2/gt/m/n' tried instead on input line 33.
LaTeX Font Info:    Font shape `JT2/gt/m/n' will be
(Font)              scaled to size 13.85594pt on input line 33.
LaTeX Font Info:    Font shape `JY2/mc/bx/n' in size <14.4> not available
(Font)              Font shape `JY2/gt/m/n' tried instead on input line 33.
LaTeX Font Info:    Font shape `JY2/gt/m/n' will be
(Font)              scaled to size 13.85594pt on input line 33.
File: ./chap2/fig/triplet_state.png Graphic file (type bmp)
<./chap2/fig/triplet_state.png>
LaTeX Font Info:    Font shape `JT2/mc/m/n' will be
(Font)              scaled to size 9.6222pt on input line 40.
LaTeX Font Info:    Font shape `JY2/mc/m/n' will be
(Font)              scaled to size 9.6222pt on input line 40.
File: ./chap2/fig/pentacene_axes.png Graphic file (type bmp)
<./chap2/fig/pentacene_axes.png>
File: ./chap2/fig/energysplit_B0.png Graphic file (type bmp)
<./chap2/fig/energysplit_B0.png>

Overfull \hbox (5.1826pt too wide) in paragraph at lines 67--69
 [][] 
 []

LaTeX Font Info:    Font shape `JY2/mc/m/n' will be
(Font)              scaled to size 6.73553pt on input line 69.
LaTeX Font Info:    Font shape `JY2/mc/m/n' will be
(Font)              scaled to size 4.8111pt on input line 69.
LaTeX Font Info:    Font shape `JY2/gt/m/n' will be
(Font)              scaled to size 9.6222pt on input line 69.
LaTeX Font Info:    Font shape `JY2/gt/m/n' will be
(Font)              scaled to size 6.73553pt on input line 69.
LaTeX Font Info:    Font shape `JY2/gt/m/n' will be
(Font)              scaled to size 4.8111pt on input line 69.
[3] [4]
File: ./chap2/fig/spin_packet.png Graphic file (type bmp)
<./chap2/fig/spin_packet.png>
File: ./chap2/fig/pulse_sequence.png Graphic file (type bmp)
<./chap2/fig/pulse_sequence.png>
 [5] [6]
第 3 章
[7

] [8]) [9]
\openout2 = `./chap3/chap3.aux'.

 (./chap3/chap3.tex
第 4 章
LaTeX Font Info:    Font shape `JY2/gt/m/n' will be
(Font)              scaled to size 19.95642pt on input line 1.
File: ./chap3/fig/pol-sys_sche.pdf Graphic file (type pdf)
<./chap3/fig/pol-sys_sche.pdf>
[10




]
File: ./chap3/fig/kuki_sche.pdf Graphic file (type pdf)
<./chap3/fig/kuki_sche.pdf>
File: ./chap3/fig/vacuum-sys.pdf Graphic file (type pdf)
<./chap3/fig/vacuum-sys.pdf>
File: ./chap3/fig/cell-branch.pdf Graphic file (type pdf)
<./chap3/fig/cell-branch.pdf>
LaTeX Font Info:    Font shape `JY2/gt/m/n' will be
(Font)              scaled to size 10.53629pt on input line 59.
 [11] [12] [13]
File: ./chap3/fig/Bara_calib.eps Graphic file (type eps)
<./chap3/fig/Bara_calib.eps>
 [14] [15]
Overfull \hbox (9.05127pt too wide) in paragraph at lines 154--155
[]\JY2/mc/m/n/12 標的セルを液体窒素に浸し 、 標的セル内部の温度を窒素の沸点 （$\OT1/cmr/m/n/12 = \OMS/cmsy/m/n/12 ^^@\OT1/cmr/m/n/12 195\OML/cmm/m/it/12 :\OT1/cmr/m/n/12 8 \JY2/mc/m/n/12 ℃
 []


Overfull \hbox (2.78818pt too wide) in paragraph at lines 156--157
[]\JY2/mc/m/n/12 バラトロンゲ ージの圧力を読みながら 、 常温で \OT1/cmr/m/n/12 N$[]$ \JY2/mc/m/n/12 ガスの圧力が約 $\OT1/cmr/m/n/12 100 [][]$
 []

[16]
File: ./chap3/fig/Main_Coil.eps Graphic file (type eps)
<./chap3/fig/Main_Coil.eps>
 [17]
File: ./chap3/fig/oven_sche.pdf Graphic file (type pdf)
<./chap3/fig/oven_sche.pdf>
 [18]
File: ./chap3/fig/Laser_Pow-Iout.eps Graphic file (type eps)
<./chap3/fig/Laser_Pow-Iout.eps>
 [19]
File: ./chap3/fig/Laser_wl.eps Graphic file (type eps)
<./chap3/fig/Laser_wl.eps>
 [20]
File: ./chap3/fig/laser-sys.pdf Graphic file (type pdf)
<./chap3/fig/laser-sys.pdf>
 [21]
File: ./chap3/fig/lam4_2_3_Pow.eps Graphic file (type eps)
<./chap3/fig/lam4_2_3_Pow.eps>
File: ./chap3/fig/lam4_1_Pow.eps Graphic file (type eps)
<./chap3/fig/lam4_1_Pow.eps>
 [22]
File: ./chap3/fig/AFP-NMR_setup.pdf Graphic file (type pdf)
<./chap3/fig/AFP-NMR_setup.pdf>
 [23] [24]
File: ./chap3/fig/Drive_Coil.eps Graphic file (type eps)
<./chap3/fig/Drive_Coil.eps>


LaTeX Warning: Reference `B0_reso' on page 25 undefined on input line 345.

[25]
File: ./chap3/fig/Drive_Coil_tune.eps Graphic file (type eps)
<./chap3/fig/Drive_Coil_tune.eps>
 [26]
File: ./chap3/fig/Pickup_Coil_tune.eps Graphic file (type eps)
<./chap3/fig/Pickup_Coil_tune.eps>


LaTeX Warning: Reference `V_pick' on page 27 undefined on input line 398.

[27] [28]
File: ./chap3/fig/ESR_setup.pdf Graphic file (type pdf)
<./chap3/fig/ESR_setup.pdf>
 [29]) [30]
\openout2 = `./chap4/chap4.aux'.

 (./chap4/chap4.tex
第 5 章

LaTeX Warning: Reference `P_3He_final' on page 31 undefined on input line 26.


LaTeX Warning: Reference `P_3He_X' on page 31 undefined on input line 33.

[31




]
File: ./chap4/fig/NMR-buildup_1230.eps Graphic file (type eps)
<./chap4/fig/NMR-buildup_1230.eps>


LaTeX Warning: Reference `dP_3He/dt' on page 32 undefined on input line 70.

[32]
File: ./chap4/fig/NMR-hotrelax_1229.eps Graphic file (type eps)
<./chap4/fig/NMR-hotrelax_1229.eps>
 [33]
File: ./chap4/fig/NMR-coldrelax_1225.eps Graphic file (type eps)
<./chap4/fig/NMR-coldrelax_1225.eps>
 [34]
File: ./chap4/fig/ESRfreq_ave_Vnmr.eps Graphic file (type eps)
<./chap4/fig/ESRfreq_ave_Vnmr.eps>


LaTeX Warning: Reference `ESR_shift_updown' on page 35 undefined on input line 144.


Overfull \hbox (12.70285pt too wide) in alignment at lines 146--151
 [][][] []
 []

[35] [36]
File: ./chap4/fig/ESRfreq-NMRsignal_P_3He.eps Graphic file (type eps)
<./chap4/fig/ESRfreq-NMRsignal_P_3He.eps>
) [37] [38]
\openout2 = `./chap5/chap5.aux'.

 (./chap5/chap5.tex
第 6 章
File: ./chap5/fig/cyric_exp_setup2.pdf Graphic file (type pdf)
<./chap5/fig/cyric_exp_setup2.pdf>
[39




]
File: ./chap5/fig/p-detector_55.pdf Graphic file (type pdf)
<./chap5/fig/p-detector_55.pdf>
 [40]
File: ./chap5/fig/p-detector_70.pdf Graphic file (type pdf)
<./chap5/fig/p-detector_70.pdf>
 [41]
File: ./chap5/fig/beam_monitor.pdf Graphic file (type pdf)
<./chap5/fig/beam_monitor.pdf>
 [42] [43]
Overfull \hbox (25.82442pt too wide) in paragraph at lines 150--160
 [][][][] 
 []

[44]
File: ./chap5/fig/L55ADC2D_203_cl.pdf Graphic file (type pdf)
<./chap5/fig/L55ADC2D_203_cl.pdf>
File: ./chap5/fig/L55TEADC_203_2.pdf Graphic file (type pdf)
<./chap5/fig/L55TEADC_203_2.pdf>


LaTeX Warning: Reference `Ay_calc' on page 45 undefined on input line 194.

[45]
File: ./chap5/fig/L55TEADC_203_bg2.eps Graphic file (type eps)
<./chap5/fig/L55TEADC_203_bg2.eps>
 [46]
File: ./chap5/fig/asym_55deg.eps Graphic file (type eps)
<./chap5/fig/asym_55deg.eps>
File: ./chap5/fig/asym_70deg.eps Graphic file (type eps)
<./chap5/fig/asym_70deg.eps>
File: ./chap5/fig/Vnmr_oct15cyric_70.eps Graphic file (type eps)
<./chap5/fig/Vnmr_oct15cyric_70.eps>
) [47] [48] [49]
\openout2 = `./chap6/chap6.aux'.

 (./chap6/chap6.tex
第 7 章

LaTeX Warning: Reference `ESR_shift' on page 50 undefined on input line 14.

[50




]

LaTeX Warning: Reference `kappa_0' on page 51 undefined on input line 70.

[51] [52]
File: ./chap6/fig/Ay_calc_CDBonn3.eps Graphic file (type eps)
<./chap6/fig/Ay_calc_CDBonn3.eps>
 [53] [54]) [55]
\openout2 = `./chap7/chap7.aux'.

 (./chap7/chap7.tex
第 8 章
[56




]) [57] [58



] [59] [60] [61] [62

] [63] (out/master_watanabe.aux (out/./abst/abst.aux) (out/./chap1/chap1.aux) (out/./chap2/chap2.aux) (out/./chap3/chap3.aux) (out/./chap4/chap4.aux) (out/./chap5/chap5.aux) (out/./chap6/chap6.aux) (out/./chap7/chap7.aux))
 ***********
pLaTeX2e <2023-02-14u04>+1, based on
LaTeX2e <2023-06-01> patch level 1
L3 programming layer <2023-08-29>
 ***********


LaTeX Warning: There were undefined references.


LaTeX Warning: There were multiply-defined labels.

 ) 
Here is how much of TeX's memory you used:
 4176 strings out of 477039
 73877 string characters out of 5811344
 1931637 words of memory out of 7000000
 25473 multiletter control sequences out of 15000+600000
 587919 words of font info for 155 fonts, out of 8000000 for 9000
 36 hyphenation exceptions out of 8191
 57i,15n,65p,1881b,573s stack positions out of 30000i,1000n,20000p,200000b,200000s

Output written on out/master_watanabe.dvi (67 pages, 258644 bytes).
